<?xml version="1.0" encoding="UTF-8"?>
<!-- Generated by org.testng.reporters.JUnitReportReporter -->
<testsuite hostname="Deccansoft-6" name="Hello.Hi" tests="1" failures="0" timestamp="3 Feb 2017 05:30:10 GMT" time="0.014" errors="0">
  <testcase name="s" time="0.014" classname="Hello.Hi"/>
</testsuite> <!-- Hello.Hi -->
